<?xml version="1.0" encoding="UTF-8"?>
<testng-results skipped="0" failed="0" total="1" passed="1">
  <reporter-output>
  </reporter-output>
  <suite name="Suite" duration-ms="112621" started-at="2018-12-09T09:37:03Z" finished-at="2018-12-09T09:38:56Z">
    <groups>
      <group name="cucumber">
        <method signature="AbstractTestNGCucumberTests.feature(cucumber.api.testng.CucumberFeatureWrapper)[pri:0, instance:runner.PositiveTest@17d0008]" name="feature" class="cucumber.api.testng.AbstractTestNGCucumberTests"/>
      </group> <!-- cucumber -->
    </groups>
    <test name="Test" duration-ms="112621" started-at="2018-12-09T09:37:03Z" finished-at="2018-12-09T09:38:56Z">
      <class name="runner.PositiveTest">
        <test-method status="PASS" signature="setUpClass()[pri:0, instance:runner.PositiveTest@17d0008]" name="setUpClass" is-config="true" duration-ms="504" started-at="2018-12-09T15:07:03Z" finished-at="2018-12-09T15:07:04Z">
          <reporter-output>
          </reporter-output>
        </test-method> <!-- setUpClass -->
        <test-method status="PASS" signature="setup()[pri:0, instance:runner.PositiveTest@17d0008]" name="setup" is-config="true" duration-ms="223" started-at="2018-12-09T15:07:04Z" finished-at="2018-12-09T15:07:04Z">
          <reporter-output>
          </reporter-output>
        </test-method> <!-- setup -->
        <test-method status="PASS" signature="feature(cucumber.api.testng.CucumberFeatureWrapper)[pri:0, instance:runner.PositiveTest@17d0008]" name="feature" duration-ms="111414" started-at="2018-12-09T15:07:04Z" description="Runs Cucumber Feature" data-provider="features" finished-at="2018-12-09T15:08:55Z">
          <params>
            <param index="0">
              <value>
                <![CDATA[Acceptance Testing to Validate Search Car page is Working Fine]]>
              </value>
            </param>
          </params>
          <reporter-output>
          </reporter-output>
        </test-method> <!-- feature -->
        <test-method status="PASS" signature="tearDownClass()[pri:0, instance:runner.PositiveTest@17d0008]" name="tearDownClass" is-config="true" duration-ms="291" started-at="2018-12-09T15:08:55Z" finished-at="2018-12-09T15:08:56Z">
          <reporter-output>
          </reporter-output>
        </test-method> <!-- tearDownClass -->
      </class> <!-- runner.PositiveTest -->
    </test> <!-- Test -->
  </suite> <!-- Suite -->
</testng-results>
